<?xml version="1.0" encoding="UTF-8"?>
<testsuite name="Sign up form" tests="1" skipped="0" failures="0" errors="0" timestamp="2022-03-28T03:31:12" hostname="LAPTOP-DHB8036H" time="36.829">
  <properties/>
  <testcase name="sign up on utest page" classname="Sign up form" time="36.829"/>
  <system-out><![CDATA[


































]]></system-out>
  <system-err><![CDATA[mar 27, 2022 10:31:13 P. M. org.openqa.selenium.remote.DesiredCapabilities chrome
INFORMACIÓN: Using `new ChromeOptions()` is preferred to `DesiredCapabilities.chrome()`
Starting ChromeDriver 99.0.4844.51 (d537ec02474b5afe23684e7963d538896c63ac77-refs/branch-heads/4844@{#875}) on port 29179
Only local connections are allowed.
Please see https://chromedriver.chromium.org/security-considerations for suggestions on keeping ChromeDriver safe.
ChromeDriver was started successfully.
mar 27, 2022 10:31:15 P. M. org.openqa.selenium.remote.ProtocolHandshake createSession
INFORMACIÓN: Detected dialect: W3C
[Test worker] INFO net.thucydides.core.steps.ConsoleLoggingListener - 
        __    _____ _____ ____ _____   ____   _    ____  ____  _____ ____  
  _     \ \  |_   _| ____/ ___|_   _| |  _ \ / \  / ___|/ ___|| ____|  _ \ 
 (_)_____| |   | | |  _| \___ \ | |   | |_) / _ \ \___ \\___ \|  _| | | | |
  _|_____| |   | | | |___ ___) || |   |  __/ ___ \ ___) |___) | |___| |_| |
 (_)     | |   |_| |_____|____/ |_|   |_| /_/   \_\____/|____/|_____|____/ 
        /_/                                                                

TEST PASSED: sign up on utest page
----------------------------------------------------------------------------
]]></system-err>
</testsuite>
